29/11/2013 12:04:12 testenvLogger Properties loaded. Starting testing
29/11/2013 12:04:12 testenvLogger Windows 7 platform detected
29/11/2013 12:04:12 testenvLogger Opening browser
29/11/2013 12:04:25 testenvLogger Windows 7 platform detected
29/11/2013 12:04:25 testenvLogger Properties loaded. Starting testing
29/11/2013 12:04:25 testenvLogger Intialize Suite xlsx
29/11/2013 12:04:25 testenvLogger Executing the isFileOpen method
29/11/2013 12:04:25 testenvLogger Verify that xls file Suite.xls is Open or Close 
29/11/2013 12:04:26 testenvLogger PF_presentation_portfolios_Suite -- Y
29/11/2013 12:04:26 testenvLogger ******Executing the Suite******PF_presentation_portfolios_Suite
29/11/2013 12:04:26 testenvLogger Executing the isFileOpen method
29/11/2013 12:04:26 testenvLogger Verify that xls file PF_presentation_portfolios_Suite.xls is Open or Close 
29/11/2013 12:04:26 testenvLogger GoToUrl -- Y
29/11/2013 12:04:26 testenvLogger Executing the test case -> GoToUrl
29/11/2013 12:04:26 testenvLogger navigate
29/11/2013 12:04:26 testenvLogger navigate-3: navigate to the website url
29/11/2013 12:04:26 testenvLogger Navigating to URL
29/11/2013 12:04:38 testenvLogger PASS
29/11/2013 12:04:38 testenvLogger LoginTest -- Y
29/11/2013 12:04:38 testenvLogger Executing the test case -> LoginTest
29/11/2013 12:04:38 testenvLogger Iteration number 1
29/11/2013 12:04:38 testenvLogger writeInInput
29/11/2013 12:04:38 testenvLogger writeInInput-5: Enter username
29/11/2013 12:04:38 testenvLogger Writing in text box
29/11/2013 12:04:38 testenvLogger Data: knema0000
29/11/2013 12:04:40 testenvLogger PASS--knema0000
29/11/2013 12:04:40 testenvLogger writeInInput
29/11/2013 12:04:40 testenvLogger writeInInput-6: Enter Password
29/11/2013 12:04:40 testenvLogger Writing in text box
29/11/2013 12:04:40 testenvLogger Data: t3stingte@m
29/11/2013 12:04:41 testenvLogger PASS--t3stingte@m
29/11/2013 12:04:41 testenvLogger clickButton
29/11/2013 12:04:41 testenvLogger clickButton-7: Click on submit button
29/11/2013 12:04:41 testenvLogger Clicking on Button
